<?xml version="1.0" encoding="UTF-8"?>
<!-- Generated by org.testng.reporters.JUnitReportReporter -->
<testsuite skipped="0" hostname="US-5CG9151K4K" name="com.qa.tests.GetAPITest" tests="1" failures="0" timestamp="2020-08-24T13:52:09 IST" time="5.187" errors="0">
  <testcase name="getAPITest" time="5.187" classname="com.qa.tests.GetAPITest"/>
  <system-out/>
</testsuite> <!-- com.qa.tests.GetAPITest -->
