<?xml version="1.0" encoding="UTF-8"?>
<!-- Generated by org.testng.reporters.JUnitReportReporter -->
<testsuite skipped="0" hostname="US-5CG9151K4K" name="com.qa.tests.PostAPITest" tests="1" failures="0" timestamp="2020-08-25T13:31:45 IST" time="7.695" errors="0">
  <testcase name="postAPITest" time="7.695" classname="com.qa.tests.PostAPITest"/>
  <system-out/>
</testsuite> <!-- com.qa.tests.PostAPITest -->
