<?xml version="1.0" encoding="UTF-8"?>
<!-- Generated by org.testng.reporters.JUnitReportReporter -->
<testsuite skipped="0" hostname="US-5CG9151K4K" name="com.qa.tests.GetAPITestAssert" tests="2" failures="0" timestamp="2020-08-24T15:26:28 IST" time="47.499" errors="0">
  <testcase name="getAPITest" time="25.015" classname="com.qa.tests.GetAPITestAssert"/>
  <system-out/>
  <testcase name="getAPITestwithHeader" time="22.484" classname="com.qa.tests.GetAPITestAssert"/>
  <system-out/>
</testsuite> <!-- com.qa.tests.GetAPITestAssert -->
